DemoGame001/Temp/gradleOut/launcher/build/intermediates/manifest_merge_blame_file/debug/manifest-merger-blame-debug-report.txt
1<?xml version="1.0" encoding="utf-8"?>
2<!-- GENERATED BY UNITY. REMOVE THIS COMMENT TO PREVENT OVERWRITING WHEN EXPORTING AGAIN -->
3<manifest xmlns:android="http://schemas.android.com/apk/res/android"
4    package="com.DefaultCompany.DemoGame001"
5    android:installLocation="auto"
6    android:versionCode="1"
7    android:versionName="0.1" >
8
9    <uses-sdk
10        android:minSdkVersion="23"
10-->src/main/AndroidManifest.xml
11        android:targetSdkVersion="29" />
11-->src/main/AndroidManifest.xml
12
13    <supports-screens
13-->src/main/AndroidManifest.xml:4:3-163
14        android:anyDensity="true"
14-->src/main/AndroidManifest.xml:4:135-160
15        android:largeScreens="true"
15-->src/main/AndroidManifest.xml:4:78-105
16        android:normalScreens="true"
16-->src/main/AndroidManifest.xml:4:49-77
17        android:smallScreens="true"
17-->src/main/AndroidManifest.xml:4:21-48
18        android:xlargeScreens="true" />
18-->src/main/AndroidManifest.xml:4:106-134
19
20    <uses-feature android:glEsVersion="0x00030000" />
20-->[:unityLibrary] AndroidManifest.xml:14:5-54
20-->[:unityLibrary] AndroidManifest.xml:14:19-51
21
22    <supports-gl-texture android:name="GL_KHR_texture_compression_astc_ldr" />
22-->[:unityLibrary] AndroidManifest.xml:16:5-79
22-->[:unityLibrary] AndroidManifest.xml:16:26-76
23
24    <uses-permission android:name="android.permission.INTERNET" />
24-->[:unityLibrary] AndroidManifest.xml:18:5-67
24-->[:unityLibrary] AndroidManifest.xml:18:22-64
25    <uses-permission android:name="android.permission.RECORD_AUDIO" />
25-->[:unityLibrary] AndroidManifest.xml:19:5-71
25-->[:unityLibrary] AndroidManifest.xml:19:22-68
26    <uses-permission android:name="android.permission.MODIFY_AUDIO_SETTINGS" />
26-->[:unityLibrary] AndroidManifest.xml:20:5-80
26-->[:unityLibrary] AndroidManifest.xml:20:22-77
27
28    <uses-feature
28-->[:unityLibrary] AndroidManifest.xml:22:5-24:36
29        android:name="android.hardware.microphone"
29-->[:unityLibrary] AndroidManifest.xml:23:9-51
30        android:required="false" />
30-->[:unityLibrary] AndroidManifest.xml:24:9-33
31    <uses-feature
31-->[:unityLibrary] AndroidManifest.xml:25:5-27:36
32        android:name="android.hardware.sensor.accelerometer"
32-->[:unityLibrary] AndroidManifest.xml:26:9-61
33        android:required="false" />
33-->[:unityLibrary] AndroidManifest.xml:27:9-33
34    <uses-feature
34-->[:unityLibrary] AndroidManifest.xml:28:5-30:36
35        android:name="android.hardware.touchscreen"
35-->[:unityLibrary] AndroidManifest.xml:29:9-52
36        android:required="false" />
36-->[:unityLibrary] AndroidManifest.xml:30:9-33
37    <uses-feature
37-->[:unityLibrary] AndroidManifest.xml:31:5-33:36
38        android:name="android.hardware.touchscreen.multitouch"
38-->[:unityLibrary] AndroidManifest.xml:32:9-63
39        android:required="false" />
39-->[:unityLibrary] AndroidManifest.xml:33:9-33
40    <uses-feature
40-->[:unityLibrary] AndroidManifest.xml:34:5-36:36
41        android:name="android.hardware.touchscreen.multitouch.distinct"
41-->[:unityLibrary] AndroidManifest.xml:35:9-72
42        android:required="false" />
42-->[:unityLibrary] AndroidManifest.xml:36:9-33
43    <uses-feature
43-->[:unityLibrary] AndroidManifest.xml:37:5-40:31
44        android:name="android.hardware.vr.headtracking"
44-->[:unityLibrary] AndroidManifest.xml:38:9-56
45        android:required="true"
45-->[:unityLibrary] AndroidManifest.xml:39:9-32
46        android:version="1" />
46-->[:unityLibrary] AndroidManifest.xml:40:9-28
47
48    <application
48-->src/main/AndroidManifest.xml:5:3-116
49        android:allowBackup="false"
49-->[:unityLibrary] AndroidManifest.xml:43:9-36
50        android:debuggable="true"
51        android:extractNativeLibs="true"
51-->src/main/AndroidManifest.xml:5:16-48
52        android:icon="@mipmap/app_icon"
52-->src/main/AndroidManifest.xml:5:82-113
53        android:label="@string/app_name"
53-->src/main/AndroidManifest.xml:5:49-81
54        android:networkSecurityConfig="@xml/network_sec_config" >
54-->[:unityLibrary] AndroidManifest.xml:46:9-64
55        <activity
55-->[:unityLibrary] AndroidManifest.xml:47:9-70:20
56            android:name="com.unity3d.player.UnityPlayerActivity"
56-->[:unityLibrary] AndroidManifest.xml:48:13-66
57            android:configChanges="keyboard|keyboardHidden|navigation|orientation|screenLayout|screenSize|uiMode"
57-->[:unityLibrary] AndroidManifest.xml:49:13-114
58            android:hardwareAccelerated="false"
58-->[:unityLibrary] AndroidManifest.xml:50:13-48
59            android:launchMode="singleTask"
59-->[:unityLibrary] AndroidManifest.xml:51:13-44
60            android:screenOrientation="landscape"
60-->[:unityLibrary] AndroidManifest.xml:52:13-50
61            android:theme="@android:style/Theme.Black.NoTitleBar.Fullscreen" >
61-->[:unityLibrary] AndroidManifest.xml:53:13-77
62            <intent-filter>
62-->[:unityLibrary] AndroidManifest.xml:54:13-59:29
63                <action android:name="android.intent.action.MAIN" />
63-->[:unityLibrary] AndroidManifest.xml:55:17-69
63-->[:unityLibrary] AndroidManifest.xml:55:25-66
64
65                <category android:name="android.intent.category.LAUNCHER" />
65-->[:unityLibrary] AndroidManifest.xml:57:17-77
65-->[:unityLibrary] AndroidManifest.xml:57:27-74
66                <category android:name="com.oculus.intent.category.VR" />
66-->[:unityLibrary] AndroidManifest.xml:58:17-74
66-->[:unityLibrary] AndroidManifest.xml:58:27-71
67            </intent-filter>
68
69            <meta-data
69-->[:unityLibrary] AndroidManifest.xml:61:13-63:40
70                android:name="unityplayer.UnityActivity"
70-->[:unityLibrary] AndroidManifest.xml:62:17-57
71                android:value="true" />
71-->[:unityLibrary] AndroidManifest.xml:63:17-37
72            <meta-data
72-->[:unityLibrary] AndroidManifest.xml:64:13-66:40
73                android:name="android.notch_support"
73-->[:unityLibrary] AndroidManifest.xml:65:17-53
74                android:value="true" />
74-->[:unityLibrary] AndroidManifest.xml:66:17-37
75            <meta-data
75-->[:unityLibrary] AndroidManifest.xml:67:13-69:40
76                android:name="com.oculus.vr.focusaware"
76-->[:unityLibrary] AndroidManifest.xml:68:17-56
77                android:value="true" />
77-->[:unityLibrary] AndroidManifest.xml:69:17-37
78        </activity>
79
80        <meta-data
80-->[:unityLibrary] AndroidManifest.xml:72:9-74:33
81            android:name="unity.splash-mode"
81-->[:unityLibrary] AndroidManifest.xml:73:13-45
82            android:value="0" />
82-->[:unityLibrary] AndroidManifest.xml:74:13-30
83        <meta-data
83-->[:unityLibrary] AndroidManifest.xml:75:9-77:36
84            android:name="unity.splash-enable"
84-->[:unityLibrary] AndroidManifest.xml:76:13-47
85            android:value="True" />
85-->[:unityLibrary] AndroidManifest.xml:77:13-33
86        <meta-data
86-->[:unityLibrary] AndroidManifest.xml:78:9-80:50
87            android:name="notch.config"
87-->[:unityLibrary] AndroidManifest.xml:79:13-40
88            android:value="portrait|landscape" />
88-->[:unityLibrary] AndroidManifest.xml:80:13-47
89        <meta-data
89-->[:unityLibrary] AndroidManifest.xml:81:9-83:68
90            android:name="unity.build-id"
90-->[:unityLibrary] AndroidManifest.xml:82:13-42
91            android:value="65cde828-ab3c-4990-b754-5b3661fc8aad" />
91-->[:unityLibrary] AndroidManifest.xml:83:13-65
92        <meta-data
92-->[:unityLibrary] AndroidManifest.xml:84:9-86:39
93            android:name="com.samsung.android.vr.application.mode"
93-->[:unityLibrary] AndroidManifest.xml:85:13-67
94            android:value="vr_only" />
94-->[:unityLibrary] AndroidManifest.xml:86:13-36
95        <meta-data
95-->[:unityLibrary] AndroidManifest.xml:87:9-89:37
96            android:name="com.unity.xr.oculus.LowOverheadMode"
96-->[:unityLibrary] AndroidManifest.xml:88:13-63
97            android:value="false" />
97-->[:unityLibrary] AndroidManifest.xml:89:13-34
98        <meta-data
98-->[:unityLibrary] AndroidManifest.xml:90:9-92:44
99            android:name="com.oculus.supportedDevices"
99-->[:unityLibrary] AndroidManifest.xml:91:13-55
100            android:value="quest|quest2" />
100-->[:unityLibrary] AndroidManifest.xml:92:13-41
101    </application>
102
103</manifest>